<?xml version="1.0" encoding="utf-8"?><testsuites name="pytest tests"><testsuite name="pytest" errors="0" failures="0" skipped="1" tests="23" time="3.740" timestamp="2026-07-30T09:29:23.295660+00:00" hostname="agent-env-126cb4be-46a8-4ed8-8dae-f63b801d0e3d"><testcase classname="backend.tests.test_audit_fixes_and_new_endpoints.TestBillingPlans" name="test_plans_catalog" time="0.502" /><testcase classname="backend.tests.test_audit_fixes_and_new_endpoints.TestBillingPlans" name="test_plan_prices" time="0.031" /><testcase classname="backend.tests.test_audit_fixes_and_new_endpoints.TestBillingPlans" name="test_credit_package_prices" time="0.026" /><testcase classname="backend.tests.test_audit_fixes_and_new_endpoints.TestBillingCheckout" name="test_subscription_checkout" time="1.168" /><testcase classname="backend.tests.test_audit_fixes_and_new_endpoints.TestBillingCheckout" name="test_credits_purchase" time="0.693" /><testcase classname="backend.tests.test_audit_fixes_and_new_endpoints.TestBillingCheckout" name="test_status_unauth" time="0.297" /><testcase classname="backend.tests.test_audit_fixes_and_new_endpoints.TestBillingCheckout" name="test_webhook_no_signature" time="0.090" /><testcase classname="backend.tests.test_audit_fixes_and_new_endpoints.TestDocsSearch" name="test_status" time="0.036" /><testcase classname="backend.tests.test_audit_fixes_and_new_endpoints.TestDocsSearch" name="test_ape_search_503" time="0.032" /><testcase classname="backend.tests.test_audit_fixes_and_new_endpoints.TestDocsSearch" name="test_openai_docs_503" time="0.029" /><testcase classname="backend.tests.test_audit_fixes_and_new_endpoints.TestMlsBox" name="test_json_ok" time="0.034" /><testcase classname="backend.tests.test_audit_fixes_and_new_endpoints.TestMlsBox" name="test_card_fields" time="0.034" /><testcase classname="backend.tests.test_audit_fixes_and_new_endpoints.TestMlsBox" name="test_html_render" time="0.036" /><testcase classname="backend.tests.test_audit_fixes_and_new_endpoints.TestMlsBox" name="test_404_missing_agency" time="0.029" /><testcase classname="backend.tests.test_audit_fixes_and_new_endpoints.TestMlsBox" name="test_embed_snippet" time="0.027" /><testcase classname="backend.tests.test_audit_fixes_and_new_endpoints.TestMlsBox" name="test_view_count_increment" time="0.029" /><testcase classname="backend.tests.test_audit_fixes_and_new_endpoints.TestPrivacyGateEnergyClass" name="test_energy_class_field" time="0.066" /><testcase classname="backend.tests.test_audit_fixes_and_new_endpoints.TestDashboardKpis" name="test_kpis_real_values" time="0.038" /><testcase classname="backend.tests.test_audit_fixes_and_new_endpoints.TestMatchesExcludeDraft" name="test_no_draft_in_matches" time="0.112" /><testcase classname="backend.tests.test_audit_fixes_and_new_endpoints.TestModerationRoles" name="test_moderation_approve_super_admin" time="0.032" /><testcase classname="backend.tests.test_audit_fixes_and_new_endpoints.TestGroupsAutoAttach" name="test_create_group_flow" time="0.102"><skipped type="pytest.skip" message="group create failed: 422 {&quot;detail&quot;:[{&quot;type&quot;:&quot;literal_error&quot;,&quot;loc&quot;:[&quot;body&quot;,&quot;credits_mode&quot;],&quot;msg&quot;:&quot;Input should be 'group' or 'branch'&quot;,&quot;input&quot;:&quot;shared&quot;,&quot;ctx&quot;:{&quot;expected&quot;:&quot;'group' or 'branch'&quot;},&quot;url&quot;:&quot;https://errors.pydantic.de">/app/backend/tests/test_audit_fixes_and_new_endpoints.py:359: group create failed: 422 {"detail":[{"type":"literal_error","loc":["body","credits_mode"],"msg":"Input should be 'group' or 'branch'","input":"shared","ctx":{"expected":"'group' or 'branch'"},"url":"https://errors.pydantic.de</skipped></testcase><testcase classname="backend.tests.test_audit_fixes_and_new_endpoints.TestPublicContact" name="test_contact_no_500" time="0.103" /><testcase classname="backend.tests.test_audit_fixes_and_new_endpoints.TestWhiteLabelFooter" name="test_no_powered_by_in_theme" time="0.096" /></testsuite></testsuites>