<?xml version="1.0" encoding="utf-8"?><testsuites name="pytest tests"><testsuite name="pytest" errors="0" failures="0" skipped="0" tests="25" time="16.614" timestamp="2026-07-30T11:09:27.917903+00:00" hostname="agent-env-126cb4be-46a8-4ed8-8dae-f63b801d0e3d"><testcase classname="backend.tests.test_audit_p0_p1_final.TestC1RoleWhitelist" name="test_super_admin_downgraded_to_client" time="1.189" /><testcase classname="backend.tests.test_audit_p0_p1_final.TestC1RoleWhitelist" name="test_group_admin_downgraded_to_client" time="0.678" /><testcase classname="backend.tests.test_audit_p0_p1_final.TestC1RoleWhitelist" name="test_agent_role_preserved" time="0.680" /><testcase classname="backend.tests.test_audit_p0_p1_final.TestC4BillingCheckout" name="test_checkout_returns_stripe_url" time="1.458" /><testcase classname="backend.tests.test_audit_p0_p1_final.TestC4BillingCheckout" name="test_no_double_api_prefix" time="0.044" /><testcase classname="backend.tests.test_audit_p0_p1_final.TestC5ResetPassword" name="test_forgot_password_returns_200" time="0.466" /><testcase classname="backend.tests.test_audit_p0_p1_final.TestC5ResetPassword" name="test_forgot_password_unknown_email" time="0.075" /><testcase classname="backend.tests.test_audit_p0_p1_final.TestC5ResetPassword" name="test_reset_with_invalid_token" time="0.104" /><testcase classname="backend.tests.test_audit_p0_p1_final.TestC6BranchOwnership" name="test_attach_random_agency_by_super_admin_no_500" time="0.077" /><testcase classname="backend.tests.test_audit_p0_p1_final.TestC7SSRFGuard" name="test_ssrf_blocked[http://169.254.169.254/latest/meta-data/]" time="0.082" /><testcase classname="backend.tests.test_audit_p0_p1_final.TestC7SSRFGuard" name="test_ssrf_blocked[http://127.0.0.1:8001/api/health]" time="0.074" /><testcase classname="backend.tests.test_audit_p0_p1_final.TestC7SSRFGuard" name="test_ssrf_blocked[http://localhost:8001/]" time="0.046" /><testcase classname="backend.tests.test_audit_p0_p1_final.TestC7SSRFGuard" name="test_ssrf_blocked[http://10.0.0.1/feed.xml]" time="0.038" /><testcase classname="backend.tests.test_audit_p0_p1_final.TestH3ModerationSuperOnly" name="test_super_admin_ok" time="0.041" /><testcase classname="backend.tests.test_audit_p0_p1_final.TestH3ModerationSuperOnly" name="test_agent_forbidden" time="0.403" /><testcase classname="backend.tests.test_audit_p0_p1_final.TestH10PhotoUpload" name="test_upload_tmp_and_media_serve" time="0.996" /><testcase classname="backend.tests.test_audit_p0_p1_final.TestH15BillingStatusAuth" name="test_no_cookie_401" time="0.137" /><testcase classname="backend.tests.test_audit_p0_p1_final.TestH14RefreshInactive" name="test_refresh_no_cookie_401" time="0.078" /><testcase classname="backend.tests.test_audit_p0_p1_final.TestH14RefreshInactive" name="test_refresh_active_user_works" time="0.079" /><testcase classname="backend.tests.test_audit_p0_p1_final.TestH9HalKnowledge" name="test_status" time="0.594" /><testcase classname="backend.tests.test_audit_p0_p1_final.TestH9HalKnowledge" name="test_ask" time="8.632" /><testcase classname="backend.tests.test_audit_p0_p1_final.TestM3RegexSafeSearch" name="test_properties_search_regex_special" time="0.316" /><testcase classname="backend.tests.test_audit_p0_p1_final.TestM3RegexSafeSearch" name="test_clients_list" time="0.043" /><testcase classname="backend.tests.test_audit_p0_p1_final.TestM3RegexSafeSearch" name="test_property_patch_still_works" time="0.079" /><testcase classname="backend.tests.test_audit_p0_p1_final.TestM10LangUnsupported" name="test_fr_login_html_served" time="0.114" /></testsuite></testsuites>