<?xml version="1.0" encoding="utf-8"?><testsuites name="pytest tests"><testsuite name="pytest" errors="0" failures="0" skipped="0" tests="10" time="1.572" timestamp="2026-06-18T16:07:19.837963+00:00" hostname="agent-env-f8c52ffb-5b20-4d8b-8b44-4bf33a3b19dd"><testcase classname="backend.tests.test_clients_smart.TestSmartList" name="test_smart_returns_enriched_payload" time="1.049" /><testcase classname="backend.tests.test_clients_smart.TestSmartList" name="test_smart_sorted_score_desc" time="0.048" /><testcase classname="backend.tests.test_clients_smart.TestSmartList" name="test_smart_counts_consistent" time="0.044" /><testcase classname="backend.tests.test_clients_smart.TestSmartList" name="test_smart_bucket_filter" time="0.050" /><testcase classname="backend.tests.test_clients_smart.TestSmartList" name="test_smart_bucket_to_call_today" time="0.049" /><testcase classname="backend.tests.test_clients_smart.TestSmartList" name="test_smart_search" time="0.045" /><testcase classname="backend.tests.test_clients_smart.TestSmartList" name="test_smart_route_not_treated_as_id" time="0.052" /><testcase classname="backend.tests.test_clients_smart.TestSmartRefresh" name="test_refresh_runs_and_returns_counts" time="0.040" /><testcase classname="backend.tests.test_clients_smart.TestSmartRefresh" name="test_refresh_idempotent_when_all_cached" time="0.041" /><testcase classname="backend.tests.test_clients_smart.TestSmartUnauth" name="test_unauth_blocked" time="0.094" /></testsuite></testsuites>