<?xml version="1.0" encoding="utf-8"?><testsuites name="pytest tests"><testsuite name="pytest" errors="0" failures="0" skipped="0" tests="12" time="47.597" timestamp="2026-06-19T07:57:15.448560+00:00" hostname="agent-env-f8c52ffb-5b20-4d8b-8b44-4bf33a3b19dd"><testcase classname="backend.tests.test_clients_ai_import.TestAIImportFormats" name="test_csv_with_arbitrary_columns" time="6.791" /><testcase classname="backend.tests.test_clients_ai_import.TestAIImportFormats" name="test_vcard_parsing" time="5.946" /><testcase classname="backend.tests.test_clients_ai_import.TestAIImportFormats" name="test_plain_text_free_form" time="7.409" /><testcase classname="backend.tests.test_clients_ai_import.TestAIImportFormats" name="test_rejects_empty_file" time="0.032" /><testcase classname="backend.tests.test_clients_ai_import.TestAIImportFormats" name="test_rejects_huge_file" time="0.311" /><testcase classname="backend.tests.test_clients_ai_import.TestAIImportDraftWorkflow" name="test_load_draft_after_create" time="7.281" /><testcase classname="backend.tests.test_clients_ai_import.TestAIImportDraftWorkflow" name="test_load_unknown_draft_404" time="0.035" /><testcase classname="backend.tests.test_clients_ai_import.TestAIImportDraftWorkflow" name="test_patch_row_then_commit" time="5.722" /><testcase classname="backend.tests.test_clients_ai_import.TestAIImportDraftWorkflow" name="test_commit_twice_returns_409" time="6.923" /><testcase classname="backend.tests.test_clients_ai_import.TestAIImportDraftWorkflow" name="test_min_confidence_filter" time="6.857" /><testcase classname="backend.tests.test_clients_ai_import.TestAIImportPermissions" name="test_unauth_blocked" time="0.139" /><testcase classname="backend.tests.test_clients_ai_import.TestAIImportRouting" name="test_route_not_treated_as_id" time="0.080" /></testsuite></testsuites>