<?xml version="1.0" encoding="utf-8"?><testsuites name="pytest tests"><testsuite name="pytest" errors="0" failures="0" skipped="0" tests="15" time="1.890" timestamp="2026-06-16T14:34:13.747021+00:00" hostname="agent-env-f8c52ffb-5b20-4d8b-8b44-4bf33a3b19dd"><testcase classname="backend.tests.test_clients_crm" name="test_unauth_clients_returns_401" time="0.581" /><testcase classname="backend.tests.test_clients_crm" name="test_me_endpoint" time="0.372" /><testcase classname="backend.tests.test_clients_crm" name="test_create_client_full" time="0.044" /><testcase classname="backend.tests.test_clients_crm" name="test_get_client" time="0.044" /><testcase classname="backend.tests.test_clients_crm" name="test_list_clients" time="0.048" /><testcase classname="backend.tests.test_clients_crm" name="test_filter_by_type_and_status" time="0.041" /><testcase classname="backend.tests.test_clients_crm" name="test_search_q" time="0.078" /><testcase classname="backend.tests.test_clients_crm" name="test_patch_client_status" time="0.081" /><testcase classname="backend.tests.test_clients_crm" name="test_csv_template" time="0.043" /><testcase classname="backend.tests.test_clients_crm" name="test_csv_import_mixed" time="0.045" /><testcase classname="backend.tests.test_clients_crm" name="test_delete_client" time="0.070" /><testcase classname="backend.tests.test_clients_crm" name="test_cleanup_test_clients" time="0.152" /><testcase classname="backend.tests.test_clients_crm" name="test_agency_me_get" time="0.088" /><testcase classname="backend.tests.test_clients_crm" name="test_agency_website_external_update" time="0.050" /><testcase classname="backend.tests.test_clients_crm" name="test_agency_website_template_update" time="0.079" /></testsuite></testsuites>