<?xml version="1.0" encoding="utf-8"?><testsuites name="pytest tests"><testsuite name="pytest" errors="0" failures="0" skipped="0" tests="12" time="2.601" timestamp="2026-06-19T08:48:20.973240+00:00" hostname="agent-env-f8c52ffb-5b20-4d8b-8b44-4bf33a3b19dd"><testcase classname="backend.tests.test_custom_domain.TestRequestDomain" name="test_request_creates_pending" time="1.090" /><testcase classname="backend.tests.test_custom_domain.TestRequestDomain" name="test_rejects_invalid_domain" time="0.043" /><testcase classname="backend.tests.test_custom_domain.TestRequestDomain" name="test_rejects_reserved_domain" time="0.081" /><testcase classname="backend.tests.test_custom_domain.TestRequestDomain" name="test_normalizes_url" time="0.110" /><testcase classname="backend.tests.test_custom_domain.TestRequestDomain" name="test_regenerates_token_on_resubmit" time="0.189" /><testcase classname="backend.tests.test_custom_domain.TestVerifyDomain" name="test_verify_returns_error_without_dns" time="0.177" /><testcase classname="backend.tests.test_custom_domain.TestVerifyDomain" name="test_verify_without_request_returns_400" time="0.113" /><testcase classname="backend.tests.test_custom_domain.TestGetState" name="test_get_returns_null_when_no_domain" time="0.179" /><testcase classname="backend.tests.test_custom_domain.TestGetState" name="test_get_returns_state_after_request" time="0.152" /><testcase classname="backend.tests.test_custom_domain.TestDelete" name="test_delete_clears_domain" time="0.110" /><testcase classname="backend.tests.test_custom_domain.TestAdminPending" name="test_super_admin_can_list_pending" time="0.185" /><testcase classname="backend.tests.test_custom_domain.TestPermissions" name="test_unauth_blocked" time="0.103" /></testsuite></testsuites>