<?xml version="1.0" encoding="utf-8"?><testsuites name="pytest tests"><testsuite name="pytest" errors="0" failures="0" skipped="0" tests="8" time="1.581" timestamp="2026-06-19T10:53:23.616462+00:00" hostname="agent-env-f8c52ffb-5b20-4d8b-8b44-4bf33a3b19dd"><testcase classname="tests.test_immobilcloud_auth_register.TestCloudRegister" name="test_register_happy_path" time="0.587" /><testcase classname="tests.test_immobilcloud_auth_register.TestCloudRegister" name="test_register_missing_gdpr_returns_400" time="0.301" /><testcase classname="tests.test_immobilcloud_auth_register.TestCloudRegister" name="test_register_empty_intents_returns_400" time="0.092" /><testcase classname="tests.test_immobilcloud_auth_register.TestCloudRegister" name="test_register_duplicate_email_returns_409" time="0.099" /><testcase classname="tests.test_immobilcloud_auth_register.TestCloudRegister" name="test_register_password_too_short_returns_422" time="0.071" /><testcase classname="tests.test_immobilcloud_auth_register.TestCloudRegister" name="test_register_invalid_email_returns_422" time="0.063" /><testcase classname="tests.test_immobilcloud_auth_register.TestCloudPublicEndpoints" name="test_facets_sale_no_auth" time="0.087" /><testcase classname="tests.test_immobilcloud_auth_register.TestCloudPublicEndpoints" name="test_search_sale_no_auth" time="0.134" /></testsuite></testsuites>