<?xml version="1.0" encoding="utf-8"?><testsuites name="pytest tests"><testsuite name="pytest" errors="0" failures="0" skipped="0" tests="13" time="2.016" timestamp="2026-06-19T09:32:26.040640+00:00" hostname="agent-env-f8c52ffb-5b20-4d8b-8b44-4bf33a3b19dd"><testcase classname="tests.test_immobilcloud_public.TestPublicSearch" name="test_search_returns_active_properties" time="0.549" /><testcase classname="tests.test_immobilcloud_public.TestPublicSearch" name="test_search_filters_by_city" time="0.095" /><testcase classname="tests.test_immobilcloud_public.TestPublicSearch" name="test_search_filters_by_operation" time="0.091" /><testcase classname="tests.test_immobilcloud_public.TestPublicSearch" name="test_search_sort_price_asc" time="0.070" /><testcase classname="tests.test_immobilcloud_public.TestPublicSearch" name="test_search_pagination_works" time="0.118" /><testcase classname="tests.test_immobilcloud_public.TestPublicSearch" name="test_search_invalid_sort_rejected" time="0.326" /><testcase classname="tests.test_immobilcloud_public.TestPublicFacets" name="test_facets_has_cities_and_types" time="0.101" /><testcase classname="tests.test_immobilcloud_public.TestPublicFacets" name="test_facets_filter_by_operation" time="0.085" /><testcase classname="tests.test_immobilcloud_public.TestPublicPropertyDetail" name="test_property_detail_returns_data" time="0.173" /><testcase classname="tests.test_immobilcloud_public.TestPublicPropertyDetail" name="test_unknown_property_returns_404" time="0.100" /><testcase classname="tests.test_immobilcloud_public.TestPublicAgency" name="test_unknown_agency_returns_404" time="0.073" /><testcase classname="tests.test_immobilcloud_public.TestPublicNoAuth" name="test_search_works_without_auth" time="0.088" /><testcase classname="tests.test_immobilcloud_public.TestPublicNoAuth" name="test_facets_works_without_auth" time="0.075" /></testsuite></testsuites>