<?xml version="1.0" encoding="utf-8"?><testsuites name="pytest tests"><testsuite name="pytest" errors="0" failures="0" skipped="0" tests="16" time="2.561" timestamp="2026-07-24T14:31:05.136109+00:00" hostname="agent-env-374c848e-aaa0-415e-915f-f082b75e969e"><testcase classname="backend.tests.test_m25_recovery_sprint15.TestWidgetGap3" name="test_loader_now_accepts_staging_and_legal" time="0.322" /><testcase classname="backend.tests.test_m25_recovery_sprint15.TestWidgetGap3" name="test_staging_widget_html_served" time="0.323" /><testcase classname="backend.tests.test_m25_recovery_sprint15.TestWidgetGap3" name="test_legal_widget_html_served" time="0.119" /><testcase classname="backend.tests.test_m25_recovery_sprint15.TestWidgetGap3" name="test_unknown_widget_still_404" time="0.102" /><testcase classname="backend.tests.test_m25_recovery_sprint15.TestFeedIngestGap4" name="test_feed_ingest_requires_api_key" time="0.082" /><testcase classname="backend.tests.test_m25_recovery_sprint15.TestFeedIngestGap4" name="test_feed_ingest_inserts_new" time="0.450" /><testcase classname="backend.tests.test_m25_recovery_sprint15.TestFeedIngestGap4" name="test_feed_ingest_upsert_is_idempotent" time="0.180" /><testcase classname="backend.tests.test_m25_recovery_sprint15.TestFeedIngestGap4" name="test_feed_ingest_rejects_empty_items" time="0.122" /><testcase classname="backend.tests.test_m25_recovery_sprint15.TestFeedIngestGap4" name="test_feed_ingest_rejects_bad_operation" time="0.108" /><testcase classname="backend.tests.test_m25_recovery_sprint15.TestLeadsExportGap4" name="test_export_requires_api_key" time="0.076" /><testcase classname="backend.tests.test_m25_recovery_sprint15.TestLeadsExportGap4" name="test_export_returns_tenant_scoped_leads" time="0.117" /><testcase classname="backend.tests.test_m25_recovery_sprint15.TestLeadsExportGap4" name="test_export_respects_since_filter" time="0.088" /><testcase classname="backend.tests.test_m25_recovery_sprint15.TestLeadsExportGap4" name="test_export_respects_limit" time="0.093" /><testcase classname="backend.tests.test_m25_recovery_sprint15.TestWidgetLeadRegression" name="test_widget_lead_accepts_staging" time="0.124" /><testcase classname="backend.tests.test_m25_recovery_sprint15.TestWidgetLeadRegression" name="test_widget_lead_accepts_legal" time="0.078" /><testcase classname="backend.tests.test_m25_recovery_sprint15.TestWidgetLeadRegression" name="test_widget_lead_rejects_unknown_widget" time="0.091" /></testsuite></testsuites>