<?xml version="1.0" encoding="utf-8"?><testsuites name="pytest tests"><testsuite name="pytest" errors="0" failures="2" skipped="0" tests="11" time="12.629" timestamp="2026-07-23T11:29:56.990736+00:00" hostname="agent-env-f8c52ffb-5b20-4d8b-8b44-4bf33a3b19dd"><testcase classname="tests.test_m2_stress_5_agents" name="test_01_concurrent_login" time="1.979" /><testcase classname="tests.test_m2_stress_5_agents" name="test_02_baseline_read_latency" time="0.211" /><testcase classname="tests.test_m2_stress_5_agents" name="test_03_concurrent_create_25_properties" time="3.894"><failure message="AssertionError: Avg create too slow: 3642ms&#10;assert 3641.6442568029743 &lt; 2000&#10; +  where 3641.6442568029743 = &lt;function mean at 0xfc81d0cc7560&gt;([3315.1627389888745, 3312.0478930068202, 3308.634779008571, 3321.963472000789, 3306.129382981453, 3508.805046993075, ...])&#10; +    where &lt;function mean at 0xfc81d0cc7560&gt; = statistics.mean">tests/test_m2_stress_5_agents.py:175: in test_03_concurrent_create_25_properties
    assert statistics.mean(latencies) &lt; 2000, f"Avg create too slow: {statistics.mean(latencies):.0f}ms"
E   AssertionError: Avg create too slow: 3642ms
E   assert 3641.6442568029743 &lt; 2000
E    +  where 3641.6442568029743 = &lt;function mean at 0xfc81d0cc7560&gt;([3315.1627389888745, 3312.0478930068202, 3308.634779008571, 3321.963472000789, 3306.129382981453, 3508.805046993075, ...])
E    +    where &lt;function mean at 0xfc81d0cc7560&gt; = statistics.mean</failure></testcase><testcase classname="tests.test_m2_stress_5_agents" name="test_04_verify_owner_agent_attribution" time="0.402" /><testcase classname="tests.test_m2_stress_5_agents" name="test_05_concurrent_read_50" time="3.229"><failure message="AssertionError: p95 too high: 2615ms (target &lt;1000ms, allowing 1500 buffer)&#10;assert 2615.121001988882 &lt; 1500">tests/test_m2_stress_5_agents.py:243: in test_05_concurrent_read_50
    assert p95 &lt; 1500, f"p95 too high: {p95:.0f}ms (target &lt;1000ms, allowing 1500 buffer)"
E   AssertionError: p95 too high: 2615ms (target &lt;1000ms, allowing 1500 buffer)
E   assert 2615.121001988882 &lt; 1500</failure></testcase><testcase classname="tests.test_m2_stress_5_agents" name="test_06_concurrent_update_same_property" time="0.088" /><testcase classname="tests.test_m2_stress_5_agents" name="test_07_concurrent_matching" time="0.218" /><testcase classname="tests.test_m2_stress_5_agents" name="test_08_tenant_isolation" time="0.144" /><testcase classname="tests.test_m2_stress_5_agents" name="test_09_degradation_check" time="0.000" /><testcase classname="tests.test_m2_stress_5_agents" name="test_zz_print_metrics_summary" time="0.000" /><testcase classname="tests.test_m2_stress_5_agents" name="test_zzz_cleanup" time="2.340" /></testsuite></testsuites>