<?xml version="1.0" encoding="utf-8"?><testsuites name="pytest tests"><testsuite name="pytest" errors="0" failures="0" skipped="0" tests="4" time="1.484" timestamp="2026-06-19T11:05:46.399220+00:00" hostname="agent-env-f8c52ffb-5b20-4d8b-8b44-4bf33a3b19dd"><testcase classname="backend.tests.test_publishing_center_m3s2" name="test_create_with_immobilcloud_false_persists" time="0.951" /><testcase classname="backend.tests.test_publishing_center_m3s2" name="test_create_without_field_defaults_true" time="0.084" /><testcase classname="backend.tests.test_publishing_center_m3s2" name="test_patch_toggle_immobilcloud" time="0.164" /><testcase classname="backend.tests.test_publishing_center_m3s2" name="test_cloud_search_filters_immobilcloud_flag" time="0.225" /></testsuite></testsuites>