<?xml version="1.0" encoding="utf-8"?><testsuites name="pytest tests"><testsuite name="pytest" errors="0" failures="0" skipped="0" tests="14" time="5.089" timestamp="2026-06-22T08:58:27.076542+00:00" hostname="agent-env-f8c52ffb-5b20-4d8b-8b44-4bf33a3b19dd"><testcase classname="backend.tests.test_immobilcloud_m3s3_map.TestCloudMapEndpoint" name="test_map_returns_items_and_count" time="1.233" /><testcase classname="backend.tests.test_immobilcloud_m3s3_map.TestCloudMapEndpoint" name="test_map_bbox_filters_in_and_out" time="0.074" /><testcase classname="backend.tests.test_immobilcloud_m3s3_map.TestCloudMapEndpoint" name="test_map_bbox_invalid_returns_400" time="0.118" /><testcase classname="backend.tests.test_immobilcloud_m3s3_map.TestCloudMapEndpoint" name="test_map_bbox_invalid_partial_returns_400" time="0.111" /><testcase classname="backend.tests.test_immobilcloud_m3s3_map.TestCloudMapEndpoint" name="test_map_filter_operation_and_price_range" time="0.097" /><testcase classname="backend.tests.test_immobilcloud_m3s3_map.TestCloudMapEndpoint" name="test_map_filter_bedrooms_min_and_energy_class" time="0.133" /><testcase classname="backend.tests.test_immobilcloud_m3s3_map.TestCloudMapEndpoint" name="test_map_invalid_energy_class_returns_422" time="0.098" /><testcase classname="backend.tests.test_immobilcloud_m3s3_map.TestSearchAdvancedFilters" name="test_search_bedrooms_min" time="0.079" /><testcase classname="backend.tests.test_immobilcloud_m3s3_map.TestSearchAdvancedFilters" name="test_search_bathrooms_min" time="0.097" /><testcase classname="backend.tests.test_immobilcloud_m3s3_map.TestSearchAdvancedFilters" name="test_search_energy_class_valid" time="0.071" /><testcase classname="backend.tests.test_immobilcloud_m3s3_map.TestSearchAdvancedFilters" name="test_search_energy_class_invalid_returns_422" time="0.119" /><testcase classname="backend.tests.test_immobilcloud_m3s3_map.TestSearchAdvancedFilters" name="test_search_returns_lat_lng_in_cards" time="0.135" /><testcase classname="backend.tests.test_immobilcloud_m3s3_map.TestGeocodingTrigger" name="test_create_without_coords_schedules_geocode" time="1.168" /><testcase classname="backend.tests.test_immobilcloud_m3s3_map.TestGeocodingTrigger" name="test_patch_address_reschedules_geocode" time="1.462" /></testsuite></testsuites>