<?xml version="1.0" encoding="utf-8"?><testsuites name="pytest tests"><testsuite name="pytest" errors="0" failures="0" skipped="0" tests="10" time="2.080" timestamp="2026-06-22T09:14:16.911216+00:00" hostname="agent-env-f8c52ffb-5b20-4d8b-8b44-4bf33a3b19dd"><testcase classname="tests.test_immobilcloud_m3s4_contact.TestGetPropertyDetail" name="test_get_property_public_fields" time="0.393" /><testcase classname="tests.test_immobilcloud_m3s4_contact.TestGetPropertyDetail" name="test_get_property_increments_view_count" time="0.431" /><testcase classname="tests.test_immobilcloud_m3s4_contact.TestGetPropertyDetail" name="test_get_property_not_found" time="0.089" /><testcase classname="tests.test_immobilcloud_m3s4_contact.TestContactForm" name="test_happy_path_creates_client_and_lead" time="0.111" /><testcase classname="tests.test_immobilcloud_m3s4_contact.TestContactForm" name="test_duplicate_email_reuses_client" time="0.339" /><testcase classname="tests.test_immobilcloud_m3s4_contact.TestContactForm" name="test_gdpr_consent_required" time="0.105" /><testcase classname="tests.test_immobilcloud_m3s4_contact.TestContactForm" name="test_short_message_422" time="0.118" /><testcase classname="tests.test_immobilcloud_m3s4_contact.TestContactForm" name="test_invalid_email_422" time="0.131" /><testcase classname="tests.test_immobilcloud_m3s4_contact.TestContactForm" name="test_property_not_found_404" time="0.121" /><testcase classname="tests.test_immobilcloud_m3s4_contact.TestContactForm" name="test_private_property_returns_404" time="0.106" /></testsuite></testsuites>