<?xml version="1.0" encoding="utf-8"?><testsuites name="pytest tests"><testsuite name="pytest" errors="0" failures="0" skipped="0" tests="19" time="4.481" timestamp="2026-06-22T09:44:41.956528+00:00" hostname="agent-env-f8c52ffb-5b20-4d8b-8b44-4bf33a3b19dd"><testcase classname="backend.tests.test_m3s5_private_listings" name="test_01_register_b2c_returns_user" time="1.706" /><testcase classname="backend.tests.test_m3s5_private_listings" name="test_02_create_listing" time="0.075" /><testcase classname="backend.tests.test_m3s5_private_listings" name="test_03_create_without_auth_rejected" time="0.092" /><testcase classname="backend.tests.test_m3s5_private_listings" name="test_03b_create_with_non_b2c_rejected" time="0.420" /><testcase classname="backend.tests.test_m3s5_private_listings" name="test_04_list_mine_only" time="0.466" /><testcase classname="backend.tests.test_m3s5_private_listings" name="test_05_free_tier_limit" time="0.074" /><testcase classname="backend.tests.test_m3s5_private_listings" name="test_06_patch_own_listing" time="0.032" /><testcase classname="backend.tests.test_m3s5_private_listings" name="test_07_patch_other_user_listing_404" time="0.044" /><testcase classname="backend.tests.test_m3s5_private_listings" name="test_08_submit_success" time="0.042" /><testcase classname="backend.tests.test_m3s5_private_listings" name="test_08b_submit_missing_fields" time="0.152" /><testcase classname="backend.tests.test_m3s5_private_listings" name="test_09_queue_requires_admin" time="0.115" /><testcase classname="backend.tests.test_m3s5_private_listings" name="test_10_queue_pending_lists_listing" time="0.428" /><testcase classname="backend.tests.test_m3s5_private_listings" name="test_11_reject_requires_min_notes" time="0.045" /><testcase classname="backend.tests.test_m3s5_private_listings" name="test_12_approve_makes_public" time="0.166" /><testcase classname="backend.tests.test_m3s5_private_listings" name="test_13_patch_substantive_after_approval_resets_to_pending" time="0.141" /><testcase classname="backend.tests.test_m3s5_private_listings" name="test_14_reject_with_valid_notes" time="0.127" /><testcase classname="backend.tests.test_m3s5_private_listings" name="test_15_moderate_non_private_listing_404" time="0.039" /><testcase classname="backend.tests.test_m3s5_private_listings" name="test_16_delete_own" time="0.126" /><testcase classname="backend.tests.test_m3s5_private_listings" name="test_99_cleanup_test_data" time="0.102" /></testsuite></testsuites>