<?xml version="1.0" encoding="utf-8"?><testsuites name="pytest tests"><testsuite name="pytest" errors="0" failures="0" skipped="0" tests="32" time="1.105" timestamp="2026-06-25T12:09:55.175199+00:00" hostname="agent-env-f8c52ffb-5b20-4d8b-8b44-4bf33a3b19dd"><testcase classname="tests.test_m3s6_valuator_pro.TestUNI10750" name="test_only_principale" time="0.000" /><testcase classname="tests.test_m3s6_valuator_pro.TestUNI10750" name="test_balcone_under_threshold" time="0.000" /><testcase classname="tests.test_m3s6_valuator_pro.TestUNI10750" name="test_terrazzo_progressive" time="0.000" /><testcase classname="tests.test_m3s6_valuator_pro.TestUNI10750" name="test_box_at_50pct" time="0.000" /><testcase classname="tests.test_m3s6_valuator_pro.TestUNI10750" name="test_cantina_at_25pct" time="0.000" /><testcase classname="tests.test_m3s6_valuator_pro.TestUNI10750" name="test_giardino_condominiale_zero" time="0.000" /><testcase classname="tests.test_m3s6_valuator_pro.TestUNI10750" name="test_giardino_villa_progressive" time="0.001" /><testcase classname="tests.test_m3s6_valuator_pro.TestUNI10750" name="test_multiple_components" time="0.000" /><testcase classname="tests.test_m3s6_valuator_pro.TestUNI10750" name="test_unknown_key_ignored" time="0.000" /><testcase classname="tests.test_m3s6_valuator_pro.TestMeritAdjustment" name="test_no_input_zero" time="0.000" /><testcase classname="tests.test_m3s6_valuator_pro.TestMeritAdjustment" name="test_full_bonus" time="0.000" /><testcase classname="tests.test_m3s6_valuator_pro.TestMeritAdjustment" name="test_negative_cumulative" time="0.000" /><testcase classname="tests.test_m3s6_valuator_pro.TestMeritAdjustment" name="test_cap_min_40pct" time="0.000" /><testcase classname="tests.test_m3s6_valuator_pro.TestMeritAdjustment" name="test_age_decay" time="0.000" /><testcase classname="tests.test_m3s6_valuator_pro.TestRegionalAdjustment" name="test_lombardia_neutral" time="0.000" /><testcase classname="tests.test_m3s6_valuator_pro.TestRegionalAdjustment" name="test_calabria_heavy_discount" time="0.000" /><testcase classname="tests.test_m3s6_valuator_pro.TestRegionalAdjustment" name="test_unknown_region" time="0.000" /><testcase classname="tests.test_m3s6_valuator_pro.TestRegionalAdjustment" name="test_none_region" time="0.000" /><testcase classname="tests.test_m3s6_valuator_pro.TestFOI" name="test_revaluation_same_year" time="0.000" /><testcase classname="tests.test_m3s6_valuator_pro.TestFOI" name="test_revaluation_2020_to_2026" time="0.000" /><testcase classname="tests.test_m3s6_valuator_pro.TestFOI" name="test_unknown_year_safe" time="0.000" /><testcase classname="tests.test_m3s6_valuator_pro.TestProvinceCoverage" name="test_107_provinces" time="0.000" /><testcase classname="tests.test_m3s6_valuator_pro.TestProvinceCoverage" name="test_all_have_three_tiers" time="0.000" /><testcase classname="tests.test_m3s6_valuator_pro.TestProvinceCoverage" name="test_centro_prices_ordered" time="0.000" /><testcase classname="tests.test_m3s6_valuator_pro.TestProvinceCoverage" name="test_milan_premium" time="0.000" /><testcase classname="tests.test_m3s6_valuator_pro.TestProvinceCoverage" name="test_naming_complete" time="0.000" /><testcase classname="tests.test_m3s6_valuator_pro.TestValuatorEndpoint" name="test_curated_city_no_pro_fields" time="0.012" /><testcase classname="tests.test_m3s6_valuator_pro.TestValuatorEndpoint" name="test_pro_payload_uni10750" time="0.003" /><testcase classname="tests.test_m3s6_valuator_pro.TestValuatorEndpoint" name="test_unknown_city_province_fallback_does_not_crash" time="0.470" /><testcase classname="tests.test_m3s6_valuator_pro.TestValuatorEndpoint" name="test_locazione_lunga_penalty" time="0.004" /><testcase classname="tests.test_m3s6_valuator_pro.TestValuatorEndpoint" name="test_coverage_endpoint" time="0.002" /><testcase classname="tests.test_m3s6_valuator_pro.TestAnncsu" name="test_health" time="0.002" /></testsuite></testsuites>