<?xml version="1.0" encoding="utf-8"?><testsuites name="pytest tests"><testsuite name="pytest" errors="0" failures="0" skipped="0" tests="50" time="0.762" timestamp="2026-06-22T10:18:00.110106+00:00" hostname="agent-env-f8c52ffb-5b20-4d8b-8b44-4bf33a3b19dd"><testcase classname="tests.test_m3s6_valuator" name="test_city_zone_psm_congruence[payload0-14000-26000-Portofino centro]" time="0.010" /><testcase classname="tests.test_m3s6_valuator" name="test_city_zone_psm_congruence[payload1-11500-20500-Capri centro]" time="0.003" /><testcase classname="tests.test_m3s6_valuator" name="test_city_zone_psm_congruence[payload2-14500-25500-Porto Cervo centro]" time="0.003" /><testcase classname="tests.test_m3s6_valuator" name="test_city_zone_psm_congruence[payload3-8500-13500-Milano centro]" time="0.002" /><testcase classname="tests.test_m3s6_valuator" name="test_city_zone_psm_congruence[payload4-5000-8000-Milano semicentro]" time="0.002" /><testcase classname="tests.test_m3s6_valuator" name="test_city_zone_psm_congruence[payload5-3000-5000-Milano periferia]" time="0.002" /><testcase classname="tests.test_m3s6_valuator" name="test_city_zone_psm_congruence[payload6-6000-10000-Roma centro]" time="0.002" /><testcase classname="tests.test_m3s6_valuator" name="test_city_zone_psm_congruence[payload7-3500-6000-Roma semicentro]" time="0.002" /><testcase classname="tests.test_m3s6_valuator" name="test_city_zone_psm_congruence[payload8-2000-3500-Roma periferia]" time="0.002" /><testcase classname="tests.test_m3s6_valuator" name="test_city_zone_psm_congruence[payload9-5000-9000-Firenze centro]" time="0.002" /><testcase classname="tests.test_m3s6_valuator" name="test_city_zone_psm_congruence[payload10-4000-7000-Bologna centro]" time="0.002" /><testcase classname="tests.test_m3s6_valuator" name="test_city_zone_psm_congruence[payload11-2800-5000-Torino centro]" time="0.002" /><testcase classname="tests.test_m3s6_valuator" name="test_city_zone_psm_congruence[payload12-3000-6000-Napoli centro]" time="0.002" /><testcase classname="tests.test_m3s6_valuator" name="test_city_zone_psm_congruence[payload13-3000-5500-Verona centro]" time="0.002" /><testcase classname="tests.test_m3s6_valuator" name="test_city_zone_psm_congruence[payload14-2500-4500-Padova centro]" time="0.002" /><testcase classname="tests.test_m3s6_valuator" name="test_city_zone_psm_congruence[payload15-2200-4000-Genova centro]" time="0.002" /><testcase classname="tests.test_m3s6_valuator" name="test_city_zone_psm_congruence[payload16-3000-5000-Trento centro]" time="0.002" /><testcase classname="tests.test_m3s6_valuator" name="test_city_zone_psm_congruence[payload17-4000-7000-Bolzano centro]" time="0.002" /><testcase classname="tests.test_m3s6_valuator" name="test_city_zone_psm_congruence[payload18-2500-4500-Bari centro]" time="0.002" /><testcase classname="tests.test_m3s6_valuator" name="test_city_zone_psm_congruence[payload19-1500-3200-Palermo centro]" time="0.002" /><testcase classname="tests.test_m3s6_valuator" name="test_city_zone_psm_congruence[payload20-1500-3000-Catania centro]" time="0.002" /><testcase classname="tests.test_m3s6_valuator" name="test_city_zone_psm_congruence[payload21-2200-4000-Cagliari centro]" time="0.003" /><testcase classname="tests.test_m3s6_valuator" name="test_city_zone_psm_congruence[payload22-400-800-Crotone periferia]" time="0.007" /><testcase classname="tests.test_m3s6_valuator" name="test_city_zone_psm_congruence[payload23-400-800-Enna periferia]" time="0.002" /><testcase classname="tests.test_m3s6_valuator" name="test_city_zone_psm_congruence[payload24-450-900-Foggia periferia]" time="0.002" /><testcase classname="tests.test_m3s6_valuator" name="test_zone_monotonicity[Milano]" time="0.006" /><testcase classname="tests.test_m3s6_valuator" name="test_zone_monotonicity[Roma]" time="0.005" /><testcase classname="tests.test_m3s6_valuator" name="test_zone_monotonicity[Napoli]" time="0.005" /><testcase classname="tests.test_m3s6_valuator" name="test_zone_monotonicity[Torino]" time="0.005" /><testcase classname="tests.test_m3s6_valuator" name="test_zone_monotonicity[Firenze]" time="0.005" /><testcase classname="tests.test_m3s6_valuator" name="test_zone_monotonicity[Bologna]" time="0.005" /><testcase classname="tests.test_m3s6_valuator" name="test_zone_monotonicity[Genova]" time="0.005" /><testcase classname="tests.test_m3s6_valuator" name="test_zone_monotonicity[Palermo]" time="0.005" /><testcase classname="tests.test_m3s6_valuator" name="test_zone_monotonicity[Bari]" time="0.005" /><testcase classname="tests.test_m3s6_valuator" name="test_zone_monotonicity[Verona]" time="0.005" /><testcase classname="tests.test_m3s6_valuator" name="test_zone_monotonicity[Cagliari]" time="0.005" /><testcase classname="tests.test_m3s6_valuator" name="test_zone_monotonicity[Catania]" time="0.005" /><testcase classname="tests.test_m3s6_valuator" name="test_intercity_ranking" time="0.013" /><testcase classname="tests.test_m3s6_valuator" name="test_villa_costs_more_than_apartment" time="0.004" /><testcase classname="tests.test_m3s6_valuator" name="test_garage_costs_less" time="0.010" /><testcase classname="tests.test_m3s6_valuator" name="test_to_renovate_penalty" time="0.004" /><testcase classname="tests.test_m3s6_valuator" name="test_energy_class_a_premium" time="0.003" /><testcase classname="tests.test_m3s6_valuator" name="test_top_floor_bonus" time="0.004" /><testcase classname="tests.test_m3s6_valuator" name="test_english_city_synonym_resolves" time="0.008" /><testcase classname="tests.test_m3s6_valuator" name="test_unknown_city_falls_back_low_confidence" time="0.002" /><testcase classname="tests.test_m3s6_valuator" name="test_zone_inferred_from_address" time="0.002" /><testcase classname="tests.test_m3s6_valuator" name="test_invalid_surface_rejected" time="0.003" /><testcase classname="tests.test_m3s6_valuator" name="test_invalid_energy_class_rejected" time="0.002" /><testcase classname="tests.test_m3s6_valuator" name="test_coverage_endpoint" time="0.002" /><testcase classname="tests.test_m3s6_valuator" name="test_response_includes_all_fields" time="0.002" /></testsuite></testsuites>