<?xml version="1.0" encoding="utf-8"?><testsuites name="pytest tests"><testsuite name="pytest" errors="0" failures="0" skipped="0" tests="5" time="1.426" timestamp="2026-06-25T12:12:01.837314+00:00" hostname="agent-env-f8c52ffb-5b20-4d8b-8b44-4bf33a3b19dd"><testcase classname="tests.test_m3s6_valuator_live_api.TestBaseMode" name="test_milano_base_high_confidence" time="0.392" /><testcase classname="tests.test_m3s6_valuator_live_api.TestProUNI10750" name="test_roma_with_balcone_terrazzo_box" time="0.109" /><testcase classname="tests.test_m3s6_valuator_live_api.TestProMerit" name="test_napoli_with_merit_factors" time="0.077" /><testcase classname="tests.test_m3s6_valuator_live_api.TestProvinceFallback" name="test_sora_fallback" time="0.663" /><testcase classname="tests.test_m3s6_valuator_live_api.TestFullProPayload" name="test_full_response_schema" time="0.111" /></testsuite></testsuites>