<?xml version="1.0" encoding="utf-8"?><testsuites name="pytest tests"><testsuite name="pytest" errors="0" failures="0" skipped="0" tests="12" time="2.756" timestamp="2026-06-23T08:45:07.631855+00:00" hostname="agent-env-f8c52ffb-5b20-4d8b-8b44-4bf33a3b19dd"><testcase classname="tests.test_m3s7_saved_searches.TestAuthGuards" name="test_no_cookie_returns_401" time="0.166" /><testcase classname="tests.test_m3s7_saved_searches.TestAuthGuards" name="test_admin_account_returns_403" time="0.378" /><testcase classname="tests.test_m3s7_saved_searches.TestSavedSearchCRUD" name="test_01_create" time="0.426" /><testcase classname="tests.test_m3s7_saved_searches.TestSavedSearchCRUD" name="test_02_list_only_my" time="0.049" /><testcase classname="tests.test_m3s7_saved_searches.TestSavedSearchCRUD" name="test_03_patch_frequency" time="0.051" /><testcase classname="tests.test_m3s7_saved_searches.TestSavedSearchCRUD" name="test_04_patch_inactive" time="0.048" /><testcase classname="tests.test_m3s7_saved_searches.TestSavedSearchCRUD" name="test_05_run_preview" time="0.075" /><testcase classname="tests.test_m3s7_saved_searches.TestSavedSearchCRUD" name="test_06_limit_10" time="0.706" /><testcase classname="tests.test_m3s7_saved_searches.TestSavedSearchCRUD" name="test_07_delete_all" time="0.523" /><testcase classname="tests.test_m3s7_saved_searches.TestCron" name="test_non_admin_forbidden" time="0.051" /><testcase classname="tests.test_m3s7_saved_searches.TestCron" name="test_no_auth_forbidden" time="0.101" /><testcase classname="tests.test_m3s7_saved_searches.TestCron" name="test_admin_ok" time="0.102" /></testsuite></testsuites>