<?xml version="1.0" encoding="utf-8"?><testsuites name="pytest tests"><testsuite name="pytest" errors="0" failures="0" skipped="0" tests="6" time="19.850" timestamp="2026-06-24T11:09:38.497122+00:00" hostname="agent-env-f8c52ffb-5b20-4d8b-8b44-4bf33a3b19dd"><testcase classname="backend.tests.test_m5s1_al_stream.TestStreamingPlain" name="test_plain_streaming" time="6.591" /><testcase classname="backend.tests.test_m5s1_al_stream.TestStreamingTool" name="test_tool_intent_query_properties" time="4.774" /><testcase classname="backend.tests.test_m5s1_al_stream.TestStreamingMultiTenancy" name="test_second_agency_isolated" time="5.752" /><testcase classname="backend.tests.test_m5s1_al_stream.TestStreamSessionPersistence" name="test_session_persisted_after_stream" time="0.173" /><testcase classname="backend.tests.test_m5s1_al_stream.TestBackwardsCompat" name="test_non_streaming_chat_still_works" time="2.282" /><testcase classname="backend.tests.test_m5s1_al_stream.TestRateLimitOnStream" name="test_unauthorized_stream" time="0.216" /></testsuite></testsuites>