<?xml version="1.0" encoding="utf-8"?><testsuites name="pytest tests"><testsuite name="pytest" errors="0" failures="0" skipped="0" tests="13" time="45.265" timestamp="2026-06-24T11:48:24.679330+00:00" hostname="agent-env-f8c52ffb-5b20-4d8b-8b44-4bf33a3b19dd"><testcase classname="backend.tests.test_m5s1_al_improve.TestAlImproveTitle" name="test_title_it_returns_200_and_schema" time="7.051" /><testcase classname="backend.tests.test_m5s1_al_improve.TestAlImproveTitle" name="test_title_does_not_contain_price" time="2.926" /><testcase classname="backend.tests.test_m5s1_al_improve.TestAlImproveDescription" name="test_description_it_long_form_no_markdown_no_emoji" time="8.991" /><testcase classname="backend.tests.test_m5s1_al_improve.TestAlImproveDescription" name="test_description_en" time="7.079" /><testcase classname="backend.tests.test_m5s1_al_improve.TestAlImproveDescription" name="test_description_es" time="7.387" /><testcase classname="backend.tests.test_m5s1_al_improve.TestAlImproveValidation" name="test_invalid_field_returns_422" time="0.039" /><testcase classname="backend.tests.test_m5s1_al_improve.TestAlImproveValidation" name="test_missing_field_returns_422" time="0.039" /><testcase classname="backend.tests.test_m5s1_al_improve.TestAlImproveValidation" name="test_oversize_current_text_returns_422" time="0.030" /><testcase classname="backend.tests.test_m5s1_al_improve.TestAlImproveValidation" name="test_invalid_target_lang_returns_422" time="0.043" /><testcase classname="backend.tests.test_m5s1_al_improve.TestAlImproveAuth" name="test_no_cookies_returns_401" time="0.133" /><testcase classname="backend.tests.test_m5s1_al_improve.TestAlImproveB2C" name="test_b2c_user_can_improve_title" time="4.237" /><testcase classname="backend.tests.test_m5s1_al_improve.TestAlImproveAudit" name="test_improve_writes_audit_entry" time="7.154" /><testcase classname="backend.tests.test_m5s1_al_improve" name="test_system_prompt_uppercase_al" time="0.002" /></testsuite></testsuites>