<?xml version="1.0" encoding="utf-8"?><testsuites name="pytest tests"><testsuite name="pytest" errors="0" failures="0" skipped="0" tests="8" time="24.053" timestamp="2026-06-24T10:41:39.522583+00:00" hostname="agent-env-f8c52ffb-5b20-4d8b-8b44-4bf33a3b19dd"><testcase classname="backend.tests.test_m5s1_al_agent.TestAlChat" name="test_plain_message_italian_reply" time="4.679" /><testcase classname="backend.tests.test_m5s1_al_agent.TestAlChat" name="test_query_properties_intent" time="4.960" /><testcase classname="backend.tests.test_m5s1_al_agent.TestAlChat" name="test_monthly_performance_intent" time="5.713" /><testcase classname="backend.tests.test_m5s1_al_agent.TestAlChat" name="test_multi_tenancy_second_user_isolated" time="5.509" /><testcase classname="backend.tests.test_m5s1_al_agent.TestAlSessions" name="test_list_sessions" time="0.043" /><testcase classname="backend.tests.test_m5s1_al_agent.TestAlSessions" name="test_get_session_detail" time="0.075" /><testcase classname="backend.tests.test_m5s1_al_agent.TestAlSessions" name="test_delete_session" time="3.007" /><testcase classname="backend.tests.test_m5s1_al_agent" name="test_p2_chrome_notranslate_in_index_html" time="0.002" /></testsuite></testsuites>