<?xml version="1.0" encoding="utf-8"?><testsuites name="pytest tests"><testsuite name="pytest" errors="0" failures="0" skipped="0" tests="16" time="181.256" timestamp="2026-06-24T12:46:10.245283+00:00" hostname="agent-env-f8c52ffb-5b20-4d8b-8b44-4bf33a3b19dd"><testcase classname="tests.test_m5s3_al_legal.TestHealthAndAuth" name="test_health_no_auth" time="0.261" /><testcase classname="tests.test_m5s3_al_legal.TestHealthAndAuth" name="test_chat_requires_auth" time="0.095" /><testcase classname="tests.test_m5s3_al_legal.TestSubAgentRouting" name="test_proposta_caparra" time="15.745" /><testcase classname="tests.test_m5s3_al_legal.TestSubAgentRouting" name="test_locazioni_cedolare" time="12.279" /><testcase classname="tests.test_m5s3_al_legal.TestSubAgentRouting" name="test_urbanistica_scia_cila" time="28.430" /><testcase classname="tests.test_m5s3_al_legal.TestSubAgentRouting" name="test_catasto_voltura" time="28.166" /><testcase classname="tests.test_m5s3_al_legal.TestSubAgentRouting" name="test_general_mutuo" time="18.217" /><testcase classname="tests.test_m5s3_al_legal.TestSubAgentRouting" name="test_multi_turn_session_reuse" time="14.506" /><testcase classname="tests.test_m5s3_al_legal.TestB2CAccess" name="test_b2c_can_chat" time="17.092" /><testcase classname="tests.test_m5s3_al_legal.TestPdfAnalysis" name="test_analyze_valid_pdf" time="31.535" /><testcase classname="tests.test_m5s3_al_legal.TestPdfAnalysis" name="test_reject_non_pdf" time="0.264" /><testcase classname="tests.test_m5s3_al_legal.TestPdfAnalysis" name="test_reject_oversize_pdf" time="0.430" /><testcase classname="tests.test_m5s3_al_legal.TestSessionsCRUD" name="test_list_sessions" time="0.038" /><testcase classname="tests.test_m5s3_al_legal.TestSessionsCRUD" name="test_get_session_not_found" time="0.088" /><testcase classname="tests.test_m5s3_al_legal.TestSessionsCRUD" name="test_delete_session_204" time="13.963" /><testcase classname="tests.test_m5s3_al_legal.TestAuditLog" name="test_audit_persisted" time="0.079" /></testsuite></testsuites>