<?xml version="1.0" encoding="utf-8"?><testsuites name="pytest tests"><testsuite name="pytest" errors="4" failures="0" skipped="0" tests="4" time="7.611" timestamp="2026-07-03T12:08:14.258026+00:00" hostname="agent-env-f8c52ffb-5b20-4d8b-8b44-4bf33a3b19dd"><testcase classname="tests.test_m5s4_2_live" name="test_live_job_done_with_2_variants" time="7.509"><error message="failed on setup with &quot;AssertionError: Job failed: SAM2: User is locked. Reason: Exhausted balance. Top up your balance at fal.ai/dashboard/billing. stages=[{'name': 'sam2_mask', 'status': 'failed', 'duration_ms': None, 'cost_usd': None, 'error': 'User is locked. Reason: Exhausted balance. Top up your balance at fal.ai/dashboard/billing.'}, {'name': 'flux_inpaint', 'status': 'queued', 'duration_ms': None, 'cost_usd': None, 'error': None}, {'name': 'upscale', 'status': 'queued', 'duration_ms': None, 'cost_usd': None, 'error': None}]&#10;assert 'failed' == 'done'&#10;  &#10;  - done&#10;  + failed&quot;">tests/test_m5s4_2_live.py:76: in live_job
    assert final["status"] == "done", f"Job failed: {final.get('error')} stages={final.get('stages')}"
E   AssertionError: Job failed: SAM2: User is locked. Reason: Exhausted balance. Top up your balance at fal.ai/dashboard/billing. stages=[{'name': 'sam2_mask', 'status': 'failed', 'duration_ms': None, 'cost_usd': None, 'error': 'User is locked. Reason: Exhausted balance. Top up your balance at fal.ai/dashboard/billing.'}, {'name': 'flux_inpaint', 'status': 'queued', 'duration_ms': None, 'cost_usd': None, 'error': None}, {'name': 'upscale', 'status': 'queued', 'duration_ms': None, 'cost_usd': None, 'error': None}]
E   assert 'failed' == 'done'
E     
E     - done
E     + failed</error></testcase><testcase classname="tests.test_m5s4_2_live" name="test_download_watermarked_jpeg" time="0.000"><error message="failed on setup with &quot;AssertionError: Job failed: SAM2: User is locked. Reason: Exhausted balance. Top up your balance at fal.ai/dashboard/billing. stages=[{'name': 'sam2_mask', 'status': 'failed', 'duration_ms': None, 'cost_usd': None, 'error': 'User is locked. Reason: Exhausted balance. Top up your balance at fal.ai/dashboard/billing.'}, {'name': 'flux_inpaint', 'status': 'queued', 'duration_ms': None, 'cost_usd': None, 'error': None}, {'name': 'upscale', 'status': 'queued', 'duration_ms': None, 'cost_usd': None, 'error': None}]&#10;assert 'failed' == 'done'&#10;  &#10;  - done&#10;  + failed&quot;">tests/test_m5s4_2_live.py:76: in live_job
    assert final["status"] == "done", f"Job failed: {final.get('error')} stages={final.get('stages')}"
E   AssertionError: Job failed: SAM2: User is locked. Reason: Exhausted balance. Top up your balance at fal.ai/dashboard/billing. stages=[{'name': 'sam2_mask', 'status': 'failed', 'duration_ms': None, 'cost_usd': None, 'error': 'User is locked. Reason: Exhausted balance. Top up your balance at fal.ai/dashboard/billing.'}, {'name': 'flux_inpaint', 'status': 'queued', 'duration_ms': None, 'cost_usd': None, 'error': None}, {'name': 'upscale', 'status': 'queued', 'duration_ms': None, 'cost_usd': None, 'error': None}]
E   assert 'failed' == 'done'
E     
E     - done
E     + failed</error></testcase><testcase classname="tests.test_m5s4_2_live" name="test_dataurl_variant0" time="0.000"><error message="failed on setup with &quot;AssertionError: Job failed: SAM2: User is locked. Reason: Exhausted balance. Top up your balance at fal.ai/dashboard/billing. stages=[{'name': 'sam2_mask', 'status': 'failed', 'duration_ms': None, 'cost_usd': None, 'error': 'User is locked. Reason: Exhausted balance. Top up your balance at fal.ai/dashboard/billing.'}, {'name': 'flux_inpaint', 'status': 'queued', 'duration_ms': None, 'cost_usd': None, 'error': None}, {'name': 'upscale', 'status': 'queued', 'duration_ms': None, 'cost_usd': None, 'error': None}]&#10;assert 'failed' == 'done'&#10;  &#10;  - done&#10;  + failed&quot;">tests/test_m5s4_2_live.py:76: in live_job
    assert final["status"] == "done", f"Job failed: {final.get('error')} stages={final.get('stages')}"
E   AssertionError: Job failed: SAM2: User is locked. Reason: Exhausted balance. Top up your balance at fal.ai/dashboard/billing. stages=[{'name': 'sam2_mask', 'status': 'failed', 'duration_ms': None, 'cost_usd': None, 'error': 'User is locked. Reason: Exhausted balance. Top up your balance at fal.ai/dashboard/billing.'}, {'name': 'flux_inpaint', 'status': 'queued', 'duration_ms': None, 'cost_usd': None, 'error': None}, {'name': 'upscale', 'status': 'queued', 'duration_ms': None, 'cost_usd': None, 'error': None}]
E   assert 'failed' == 'done'
E     
E     - done
E     + failed</error></testcase><testcase classname="tests.test_m5s4_2_live" name="test_save_variant_to_property_full_lifecycle" time="0.000"><error message="failed on setup with &quot;AssertionError: Job failed: SAM2: User is locked. Reason: Exhausted balance. Top up your balance at fal.ai/dashboard/billing. stages=[{'name': 'sam2_mask', 'status': 'failed', 'duration_ms': None, 'cost_usd': None, 'error': 'User is locked. Reason: Exhausted balance. Top up your balance at fal.ai/dashboard/billing.'}, {'name': 'flux_inpaint', 'status': 'queued', 'duration_ms': None, 'cost_usd': None, 'error': None}, {'name': 'upscale', 'status': 'queued', 'duration_ms': None, 'cost_usd': None, 'error': None}]&#10;assert 'failed' == 'done'&#10;  &#10;  - done&#10;  + failed&quot;">tests/test_m5s4_2_live.py:76: in live_job
    assert final["status"] == "done", f"Job failed: {final.get('error')} stages={final.get('stages')}"
E   AssertionError: Job failed: SAM2: User is locked. Reason: Exhausted balance. Top up your balance at fal.ai/dashboard/billing. stages=[{'name': 'sam2_mask', 'status': 'failed', 'duration_ms': None, 'cost_usd': None, 'error': 'User is locked. Reason: Exhausted balance. Top up your balance at fal.ai/dashboard/billing.'}, {'name': 'flux_inpaint', 'status': 'queued', 'duration_ms': None, 'cost_usd': None, 'error': None}, {'name': 'upscale', 'status': 'queued', 'duration_ms': None, 'cost_usd': None, 'error': None}]
E   assert 'failed' == 'done'
E     
E     - done
E     + failed</error></testcase></testsuite></testsuites>