<?xml version="1.0" encoding="utf-8"?><testsuites name="pytest tests"><testsuite name="pytest" errors="0" failures="0" skipped="1" tests="19" time="1.870" timestamp="2026-07-03T12:07:27.449294+00:00" hostname="agent-env-f8c52ffb-5b20-4d8b-8b44-4bf33a3b19dd"><testcase classname="tests.test_m5s4_virtual_staging" name="test_styles_endpoint_includes_modes" time="0.282" /><testcase classname="tests.test_m5s4_virtual_staging" name="test_generate_requires_auth" time="0.303" /><testcase classname="tests.test_m5s4_virtual_staging" name="test_generate_invalid_style" time="0.350" /><testcase classname="tests.test_m5s4_virtual_staging" name="test_generate_invalid_mode" time="0.036" /><testcase classname="tests.test_m5s4_virtual_staging" name="test_generate_invalid_variant_mode" time="0.077" /><testcase classname="tests.test_m5s4_virtual_staging" name="test_generate_num_variants_bounds" time="0.032" /><testcase classname="tests.test_m5s4_virtual_staging" name="test_generate_unknown_property" time="0.032" /><testcase classname="tests.test_m5s4_virtual_staging" name="test_history_shape" time="0.032" /><testcase classname="tests.test_m5s4_virtual_staging" name="test_save_to_property_unknown_job" time="0.084" /><testcase classname="tests.test_m5s4_virtual_staging" name="test_dataurl_unknown_job" time="0.042" /><testcase classname="tests.test_m5s4_virtual_staging" name="test_build_prompt_with_crm_fragment" time="0.302" /><testcase classname="tests.test_m5s4_virtual_staging" name="test_build_prompt_fallbacks" time="0.000" /><testcase classname="tests.test_m5s4_virtual_staging" name="test_empty_room_prompt_exists" time="0.000" /><testcase classname="tests.test_m5s4_virtual_staging" name="test_default_multi_styles_valid" time="0.000" /><testcase classname="tests.test_m5s4_virtual_staging" name="test_watermark_and_resize" time="0.217" /><testcase classname="tests.test_m5s4_virtual_staging" name="test_watermark_no_resize_below_max" time="0.008" /><testcase classname="tests.test_m5s4_virtual_staging" name="test_photo_caption" time="0.000" /><testcase classname="tests.test_m5s4_virtual_staging" name="test_job_to_out_backward_compat" time="0.000" /><testcase classname="tests.test_m5s4_virtual_staging" name="test_full_pipeline_live" time="0.001"><skipped type="pytest.skip" message="Set RUN_STAGING_LIVE=1 to spend fal.ai credit">/app/backend/tests/test_m5s4_virtual_staging.py:171: Set RUN_STAGING_LIVE=1 to spend fal.ai credit</skipped></testcase></testsuite></testsuites>