<?xml version="1.0" encoding="utf-8"?><testsuites name="pytest tests"><testsuite name="pytest" errors="0" failures="0" skipped="0" tests="17" time="8.075" timestamp="2026-06-17T15:02:34.636494+00:00" hostname="agent-env-f8c52ffb-5b20-4d8b-8b44-4bf33a3b19dd"><testcase classname="tests.test_matches.TestComputeMatchUnit" name="test_weights_sum_to_100" time="0.000" /><testcase classname="tests.test_matches.TestComputeMatchUnit" name="test_perfect_match_yields_100" time="0.000" /><testcase classname="tests.test_matches.TestComputeMatchUnit" name="test_operation_mismatch_returns_zero" time="0.000" /><testcase classname="tests.test_matches.TestComputeMatchUnit" name="test_city_mismatch_lowers_score" time="0.000" /><testcase classname="tests.test_matches.TestComputeMatchUnit" name="test_score_never_exceeds_100" time="0.000" /><testcase classname="tests.test_matches.TestComputeMatchUnit" name="test_is_searcher" time="0.000" /><testcase classname="tests.test_matches.TestMatchesAPI" name="test_list_matches_default" time="1.056" /><testcase classname="tests.test_matches.TestMatchesAPI" name="test_min_score_filter_narrows_results" time="0.073" /><testcase classname="tests.test_matches.TestMatchesAPI" name="test_matches_for_property_ok" time="0.034" /><testcase classname="tests.test_matches.TestMatchesAPI" name="test_matches_for_property_404" time="0.057" /><testcase classname="tests.test_matches.TestMatchesAPI" name="test_matches_for_client_buyer" time="0.051" /><testcase classname="tests.test_matches.TestMatchesAPI" name="test_matches_for_client_seller_returns_info" time="0.040" /><testcase classname="tests.test_matches.TestMatchesAPI" name="test_matches_for_client_404" time="0.035" /><testcase classname="tests.test_matches.TestMatchesAPI" name="test_matches_canonical_perfect_pair" time="0.036" /><testcase classname="tests.test_matches.TestLeadScoreAPI" name="test_lead_score_404_unknown_property" time="0.041" /><testcase classname="tests.test_matches.TestLeadScoreAPI" name="test_lead_score_404_unknown_client" time="0.034" /><testcase classname="tests.test_matches.TestLeadScoreAPI" name="test_lead_score_canonical_pair" time="6.536" /></testsuite></testsuites>