<?xml version="1.0" encoding="utf-8"?><testsuites name="pytest tests"><testsuite name="pytest" errors="0" failures="1" skipped="0" tests="10" time="3.032" timestamp="2026-07-30T12:25:16.921354+00:00" hostname="agent-env-126cb4be-46a8-4ed8-8dae-f63b801d0e3d"><testcase classname="backend.tests.test_phase23_refactor.TestM5MultiAgency" name="test_my_agencies_shape" time="0.613" /><testcase classname="backend.tests.test_phase23_refactor.TestM5MultiAgency" name="test_active_agency_foreign_forbidden" time="0.447" /><testcase classname="backend.tests.test_phase23_refactor.TestM5MultiAgency" name="test_active_agency_own_ok" time="0.032"><failure message="KeyError: 'agency_id'">backend/tests/test_phase23_refactor.py:52: in test_active_agency_own_ok
    aid = my["items"][0]["agency_id"] if isinstance(my["items"][0], dict) else my["items"][0]
          ^^^^^^^^^^^^^^^^^^^^^^^^^^^
E   KeyError: 'agency_id'</failure></testcase><testcase classname="backend.tests.test_phase23_refactor.TestL12RefreshRevocation" name="test_logout_revokes_refresh" time="0.494" /><testcase classname="backend.tests.test_phase23_refactor.TestM23Import" name="test_xml_inline_sync" time="0.081" /><testcase classname="backend.tests.test_phase23_refactor.TestM23Import" name="test_ssrf_blocked" time="0.035" /><testcase classname="backend.tests.test_phase23_refactor.TestM24Fascicolo" name="test_multipart_upload_and_download" time="0.945" /><testcase classname="backend.tests.test_phase23_refactor.TestM13PortalsRemoved" name="test_portals_endpoint_404" time="0.108" /><testcase classname="backend.tests.test_phase23_refactor.TestPublicPhoto" name="test_public_photo_status" time="0.105" /><testcase classname="backend.tests.test_phase23_refactor.TestCloudSearch" name="test_sale_search" time="0.068" /></testsuite></testsuites>