<?xml version="1.0" encoding="utf-8"?><testsuites name="pytest tests"><testsuite name="pytest" errors="0" failures="0" skipped="0" tests="10" time="2.446" timestamp="2026-06-17T14:13:18.151959+00:00" hostname="agent-env-f8c52ffb-5b20-4d8b-8b44-4bf33a3b19dd"><testcase classname="backend.tests.test_seller_link.TestSellersAutocomplete" name="test_sellers_returns_only_seller_landlord" time="1.016" /><testcase classname="backend.tests.test_seller_link.TestSellersAutocomplete" name="test_sellers_query_regex" time="0.046" /><testcase classname="backend.tests.test_seller_link.TestSellersAutocomplete" name="test_sellers_query_no_match" time="0.067" /><testcase classname="backend.tests.test_seller_link.TestSellersAutocomplete" name="test_sellers_unauth" time="0.086" /><testcase classname="backend.tests.test_seller_link.TestPropertySellerLink" name="test_create_property_with_seller" time="0.173" /><testcase classname="backend.tests.test_seller_link.TestPropertySellerLink" name="test_patch_set_change_and_null_semantics" time="0.285" /><testcase classname="backend.tests.test_seller_link.TestCarriedProperties" name="test_returns_only_linked_properties" time="0.357" /><testcase classname="backend.tests.test_seller_link.TestCarriedProperties" name="test_carried_404_for_unknown_client" time="0.054" /><testcase classname="backend.tests.test_seller_link.TestCarriedProperties" name="test_carried_empty_when_no_linked" time="0.047" /><testcase classname="backend.tests.test_seller_link.TestAuthBoundary" name="test_carried_unauth" time="0.237" /></testsuite></testsuites>