<?xml version="1.0" encoding="utf-8"?><testsuites name="pytest tests"><testsuite name="pytest" errors="0" failures="0" skipped="0" tests="14" time="1.865" timestamp="2026-06-18T15:23:42.995095+00:00" hostname="agent-env-f8c52ffb-5b20-4d8b-8b44-4bf33a3b19dd"><testcase classname="tests.test_themes.TestThemeCatalog" name="test_list_themes" time="0.479" /><testcase classname="tests.test_themes.TestGetTheme" name="test_get_theme_returns_structure" time="0.037" /><testcase classname="tests.test_themes.TestApplyTheme" name="test_apply_luxury_with_palette_overrides" time="0.088" /><testcase classname="tests.test_themes.TestApplyTheme" name="test_apply_invalid_theme_id" time="0.036" /><testcase classname="tests.test_themes.TestAutoConfigure" name="test_auto_configure_from_extracted_profile" time="0.082" /><testcase classname="tests.test_themes.TestPreview" name="test_preview_returns_html_with_data_theme" time="0.039" /><testcase classname="tests.test_themes.TestPreview" name="test_preview_invalid_theme" time="0.046" /><testcase classname="tests.test_themes.TestPublicSite" name="test_public_index_reflects_saved_theme" time="0.159" /><testcase classname="tests.test_themes.TestPublicSite" name="test_public_property_page" time="0.211" /><testcase classname="tests.test_themes.TestPermissions" name="test_agent_can_get_themes" time="0.337" /><testcase classname="tests.test_themes.TestPermissions" name="test_agent_can_get_theme" time="0.074" /><testcase classname="tests.test_themes.TestPermissions" name="test_agent_cannot_apply_theme" time="0.040" /><testcase classname="tests.test_themes.TestPermissions" name="test_agent_cannot_auto_configure" time="0.080" /><testcase classname="tests.test_themes.TestUnauth" name="test_get_themes_requires_auth" time="0.096" /></testsuite></testsuites>